<?xml version="1.0" encoding="utf-8"?><testsuites name="pytest tests"><testsuite name="pytest" errors="0" failures="0" skipped="5" tests="14" time="0.946" timestamp="2026-09-12T08:03:29.008283-03:00" hostname="NBK011"><testcase classname="tests.test_pipeline_prefect" name="test_modulo_importa_com_registry_completo" time="0.000" /><testcase classname="tests.test_pipeline_prefect" name="test_disponibilidade_retorna_tupla_ok_explicita" time="0.000" /><testcase classname="tests.test_pipeline_prefect" name="test_todas_tasks_sao_registradas_como_task_prefect" time="0.000"><skipped type="pytest.skip" message="Prefect não disponível neste ambiente — degrade testado separadamente">C:\Users\trcnologia\Desktop\ecossistema-aidd\tools\aidd-generator\tests\test_pipeline_prefect.py:60: Prefect não disponível neste ambiente — degrade testado separadamente</skipped></testcase><testcase classname="tests.test_pipeline_prefect" name="test_retries_configurados_por_phase" time="0.000" /><testcase classname="tests.test_pipeline_prefect" name="test_retries_plural_aplicados_em_tasks" time="0.000"><skipped type="pytest.skip" message="Prefect não disponível neste ambiente">C:\Users\trcnologia\Desktop\ecossistema-aidd\tools\aidd-generator\tests\test_pipeline_prefect.py:77: Prefect não disponível neste ambiente</skipped></testcase><testcase classname="tests.test_pipeline_prefect" name="test_chave_checkpoint_deterministica_por_ideia_fase" time="0.000" /><testcase classname="tests.test_pipeline_prefect" name="test_chave_checkpoint_diferencia_fases" time="0.000" /><testcase classname="tests.test_pipeline_prefect" name="test_chave_checkpoint_diferencia_ideias" time="0.000" /><testcase classname="tests.test_pipeline_prefect" name="test_chave_checkpoint_faz_hash_curto_elegivel_a_cache" time="0.000" /><testcase classname="tests.test_pipeline_prefect" name="test_prefect_home_default_aponta_para_aidd_local" time="0.000" /><testcase classname="tests.test_pipeline_prefect" name="test_prefect_home_quando_variavel_de_ambiente_fornecida" time="0.006" /><testcase classname="tests.test_pipeline_prefect" name="test_persistencia_estado_sqlite" time="0.001"><skipped type="pytest.skip" message="Prefect não disponível neste ambiente — degrade testado separadamente">C:\Users\trcnologia\Desktop\ecossistema-aidd\tools\aidd-generator\tests\test_pipeline_prefect.py:146: Prefect não disponível neste ambiente — degrade testado separadamente</skipped></testcase><testcase classname="tests.test_pipeline_prefect" name="test_fluxo_e_do_tipo_flow_quando_prefect_disponivel" time="0.000"><skipped type="pytest.skip" message="Prefect não disponível neste ambiente">C:\Users\trcnologia\Desktop\ecossistema-aidd\tools\aidd-generator\tests\test_pipeline_prefect.py:188: Prefect não disponível neste ambiente</skipped></testcase><testcase classname="tests.test_pipeline_prefect" name="test_fluxo_aceita_mesmos_argumentos_do_pipeline_legado" time="0.000"><skipped type="pytest.skip" message="Prefect não disponível neste ambiente">C:\Users\trcnologia\Desktop\ecossistema-aidd\tools\aidd-generator\tests\test_pipeline_prefect.py:196: Prefect não disponível neste ambiente</skipped></testcase></testsuite></testsuites>